<?xml version="1.0" encoding="UTF-8"?>
<testng-results skipped="0" failed="0" total="3" passed="3">
  <reporter-output>
  </reporter-output>
  <suite name="Default suite" duration-ms="47" started-at="2015-07-22T16:02:32Z" finished-at="2015-07-22T16:02:32Z">
    <groups>
    </groups>
    <test name="Default test" duration-ms="47" started-at="2015-07-22T16:02:32Z" finished-at="2015-07-22T16:02:32Z">
      <class name="com.seleniumhq.net.SampleDataProvider">
        <test-method status="PASS" signature="sampleTest(int, java.lang.String)[pri:0, instance:com.seleniumhq.net.SampleDataProvider@dbe50f]" name="sampleTest" duration-ms="14" started-at="2015-07-22T21:32:32Z" data-provider="testData" finished-at="2015-07-22T21:32:32Z">
          <params>
            <param index="0">
              <value>
                <![CDATA[1]]>
              </value>
            </param>
            <param index="1">
              <value>
                <![CDATA[TestNG]]>
              </value>
            </param>
          </params>
          <reporter-output>
          </reporter-output>
        </test-method> <!-- sampleTest -->
        <test-method status="PASS" signature="sampleTest(int, java.lang.String)[pri:0, instance:com.seleniumhq.net.SampleDataProvider@dbe50f]" name="sampleTest" duration-ms="1" started-at="2015-07-22T21:32:32Z" data-provider="testData" finished-at="2015-07-22T21:32:32Z">
          <params>
            <param index="0">
              <value>
                <![CDATA[2]]>
              </value>
            </param>
            <param index="1">
              <value>
                <![CDATA[JUnit]]>
              </value>
            </param>
          </params>
          <reporter-output>
          </reporter-output>
        </test-method> <!-- sampleTest -->
        <test-method status="PASS" signature="sampleTest(int, java.lang.String)[pri:0, instance:com.seleniumhq.net.SampleDataProvider@dbe50f]" name="sampleTest" duration-ms="1" started-at="2015-07-22T21:32:32Z" data-provider="testData" finished-at="2015-07-22T21:32:32Z">
          <params>
            <param index="0">
              <value>
                <![CDATA[3]]>
              </value>
            </param>
            <param index="1">
              <value>
                <![CDATA[Selenium]]>
              </value>
            </param>
          </params>
          <reporter-output>
          </reporter-output>
        </test-method> <!-- sampleTest -->
      </class> <!-- com.seleniumhq.net.SampleDataProvider -->
    </test> <!-- Default test -->
  </suite> <!-- Default suite -->
</testng-results>
